<?xml version="1.0" encoding="UTF-8"?>
<coverage generated="1764414925674" clover="3.2.0">
  <project timestamp="1764414925675" name="All files">
    <metrics statements="13" coveredstatements="13" conditionals="7" coveredconditionals="7" methods="5" coveredmethods="5" elements="25" coveredelements="25" complexity="0" loc="13" ncloc="13" packages="1" files="1" classes="1"/>
    <file name="App.jsx" path="C:\Users\ANGELGRACE\Documents\demo\src\App.jsx">
      <metrics statements="13" coveredstatements="13" conditionals="7" coveredconditionals="7" methods="5" coveredmethods="5"/>
      <line num="4" count="31" type="stmt"/>
      <line num="5" count="31" type="stmt"/>
      <line num="6" count="31" type="stmt"/>
      <line num="7" count="31" type="stmt"/>
      <line num="9" count="31" type="stmt"/>
      <line num="10" count="6" type="cond" truecount="5" falsecount="0"/>
      <line num="11" count="4" type="stmt"/>
      <line num="12" count="4" type="stmt"/>
      <line num="15" count="2" type="stmt"/>
      <line num="18" count="31" type="stmt"/>
      <line num="26" count="5" type="stmt"/>
      <line num="34" count="5" type="stmt"/>
      <line num="42" count="5" type="stmt"/>
    </file>
  </project>
</coverage>
