{"C:\\Users\\ANGELGRACE\\Documents\\demo\\src\\App.jsx": {"path":"C:\\Users\\ANGELGRACE\\Documents\\demo\\src\\App.jsx","statementMap":{"0":{"start":{"line":4,"column":36},"end":{"line":4,"column":48}},"1":{"start":{"line":5,"column":34},"end":{"line":5,"column":46}},"2":{"start":{"line":6,"column":24},"end":{"line":6,"column":36}},"3":{"start":{"line":7,"column":32},"end":{"line":7,"column":44}},"4":{"start":{"line":9,"column":24},"end":{"line":16,"column":3}},"5":{"start":{"line":10,"column":4},"end":{"line":13,"column":5}},"6":{"start":{"line":11,"column":6},"end":{"line":11,"column":45}},"7":{"start":{"line":12,"column":6},"end":{"line":12,"column":13}},"8":{"start":{"line":15,"column":4},"end":{"line":15,"column":64}},"9":{"start":{"line":18,"column":2},"end":{"line":63,"column":4}},"10":{"start":{"line":26,"column":25},"end":{"line":26,"column":53}},"11":{"start":{"line":34,"column":25},"end":{"line":34,"column":52}},"12":{"start":{"line":42,"column":25},"end":{"line":42,"column":47}}},"fnMap":{"0":{"name":"NameAgeProcessor","decl":{"start":{"line":3,"column":9},"end":{"line":3,"column":25}},"loc":{"start":{"line":3,"column":28},"end":{"line":64,"column":1}},"line":3},"1":{"name":"(anonymous_1)","decl":{"start":{"line":9,"column":24},"end":{"line":9,"column":25}},"loc":{"start":{"line":9,"column":30},"end":{"line":16,"column":3}},"line":9},"2":{"name":"(anonymous_2)","decl":{"start":{"line":26,"column":18},"end":{"line":26,"column":19}},"loc":{"start":{"line":26,"column":25},"end":{"line":26,"column":53}},"line":26},"3":{"name":"(anonymous_3)","decl":{"start":{"line":34,"column":18},"end":{"line":34,"column":19}},"loc":{"start":{"line":34,"column":25},"end":{"line":34,"column":52}},"line":34},"4":{"name":"(anonymous_4)","decl":{"start":{"line":42,"column":18},"end":{"line":42,"column":19}},"loc":{"start":{"line":42,"column":25},"end":{"line":42,"column":47}},"line":42}},"branchMap":{"0":{"loc":{"start":{"line":10,"column":4},"end":{"line":13,"column":5}},"type":"if","locations":[{"start":{"line":10,"column":4},"end":{"line":13,"column":5}},{"start":{},"end":{}}],"line":10},"1":{"loc":{"start":{"line":10,"column":8},"end":{"line":10,"column":39}},"type":"binary-expr","locations":[{"start":{"line":10,"column":8},"end":{"line":10,"column":18}},{"start":{"line":10,"column":22},"end":{"line":10,"column":31}},{"start":{"line":10,"column":35},"end":{"line":10,"column":39}}],"line":10},"2":{"loc":{"start":{"line":59,"column":7},"end":{"line":61,"column":7}},"type":"binary-expr","locations":[{"start":{"line":59,"column":7},"end":{"line":59,"column":14}},{"start":{"line":60,"column":8},"end":{"line":60,"column":74}}],"line":59}},"s":{"0":31,"1":31,"2":31,"3":31,"4":31,"5":6,"6":4,"7":4,"8":2,"9":31,"10":5,"11":5,"12":5},"f":{"0":31,"1":6,"2":5,"3":5,"4":5},"b":{"0":[4,2],"1":[6,4,3],"2":[31,6]},"_coverageSchema":"1a1c01bbd47fc00a2c39e90264f33305004495a9","hash":"7236a8c2f14c1b8fe7d66bfb64fb0ecf8875808a"}
}
