{"C:\\Users\\ANGELGRACE\\Documents\\demo\\src\\App.jsx": {"path":"C:\\Users\\ANGELGRACE\\Documents\\demo\\src\\App.jsx","statementMap":{"0":{"start":{"line":4,"column":36},"end":{"line":4,"column":48}},"1":{"start":{"line":5,"column":34},"end":{"line":5,"column":46}},"2":{"start":{"line":6,"column":24},"end":{"line":6,"column":36}},"3":{"start":{"line":7,"column":32},"end":{"line":7,"column":44}},"4":{"start":{"line":9,"column":24},"end":{"line":16,"column":3}},"5":{"start":{"line":10,"column":4},"end":{"line":13,"column":5}},"6":{"start":{"line":11,"column":6},"end":{"line":11,"column":44}},"7":{"start":{"line":12,"column":6},"end":{"line":12,"column":13}},"8":{"start":{"line":15,"column":4},"end":{"line":15,"column":64}},"9":{"start":{"line":18,"column":2},"end":{"line":55,"column":4}},"10":{"start":{"line":27,"column":27},"end":{"line":27,"column":55}},"11":{"start":{"line":36,"column":27},"end":{"line":36,"column":54}},"12":{"start":{"line":45,"column":27},"end":{"line":45,"column":49}}},"fnMap":{"0":{"name":"App","decl":{"start":{"line":3,"column":9},"end":{"line":3,"column":12}},"loc":{"start":{"line":3,"column":15},"end":{"line":56,"column":1}},"line":3},"1":{"name":"(anonymous_1)","decl":{"start":{"line":9,"column":24},"end":{"line":9,"column":25}},"loc":{"start":{"line":9,"column":30},"end":{"line":16,"column":3}},"line":9},"2":{"name":"(anonymous_2)","decl":{"start":{"line":27,"column":20},"end":{"line":27,"column":21}},"loc":{"start":{"line":27,"column":27},"end":{"line":27,"column":55}},"line":27},"3":{"name":"(anonymous_3)","decl":{"start":{"line":36,"column":20},"end":{"line":36,"column":21}},"loc":{"start":{"line":36,"column":27},"end":{"line":36,"column":54}},"line":36},"4":{"name":"(anonymous_4)","decl":{"start":{"line":45,"column":20},"end":{"line":45,"column":21}},"loc":{"start":{"line":45,"column":27},"end":{"line":45,"column":49}},"line":45}},"branchMap":{"0":{"loc":{"start":{"line":10,"column":4},"end":{"line":13,"column":5}},"type":"if","locations":[{"start":{"line":10,"column":4},"end":{"line":13,"column":5}},{"start":{},"end":{}}],"line":10},"1":{"loc":{"start":{"line":10,"column":8},"end":{"line":10,"column":39}},"type":"binary-expr","locations":[{"start":{"line":10,"column":8},"end":{"line":10,"column":18}},{"start":{"line":10,"column":22},"end":{"line":10,"column":31}},{"start":{"line":10,"column":35},"end":{"line":10,"column":39}}],"line":10},"2":{"loc":{"start":{"line":51,"column":7},"end":{"line":53,"column":7}},"type":"binary-expr","locations":[{"start":{"line":51,"column":7},"end":{"line":51,"column":14}},{"start":{"line":52,"column":8},"end":{"line":52,"column":74}}],"line":51}},"s":{"0":11,"1":11,"2":11,"3":11,"4":11,"5":1,"6":1,"7":1,"8":0,"9":11,"10":0,"11":0,"12":0},"f":{"0":11,"1":1,"2":0,"3":0,"4":0},"b":{"0":[1,0],"1":[1,0,0],"2":[11,1]},"_coverageSchema":"1a1c01bbd47fc00a2c39e90264f33305004495a9","hash":"6254384ed116e895bd51efefbe3a917a02a943a5"}
}
